Build started 2017/1/23 10:20:42.
     1>Project "F:\MyTest\myTest\testCPP\协程学习\coroutine_study - detached asm file\coroutine_unshared_stack\coroutine_unshared_stack.vcxproj" on node 2 (Rebuild target(s)).
     1>CustomBuild:
         Performing Custom Build Tools
         Microsoft (R) Macro Assembler Version 12.00.30501.0
         Copyright (C) Microsoft Corporation.  All rights reserved.
         
          Assembling: ../coctx32_asm.asm
       ClCompile:
         C:\Program Files (x86)\Microsoft Visual Studio 12.0\VC\bin\CL.exe /c /I../ /ZI /nologo /W3 /WX- /sdl /Od /Oy- /D WIN32 /D _DEBUG /D _CONSOLE /D _LIB /D _MBCS /Gm /EHsc /RTC1 /MDd /GS /fp:precise /Zc:wchar_t /Zc:forScope /Fo"Debug\\" /Fd"Debug\vc120.pdb" /Gd /TP /analyze- /errorReport:prompt ..\coctx.cpp
         coctx.cpp
         C:\Program Files (x86)\Microsoft Visual Studio 12.0\VC\bin\CL.exe /c /I../ /ZI /nologo /W3 /WX- /sdl /Od /Oy- /D WIN32 /D _DEBUG /D _CONSOLE /D _LIB /D _MBCS /Gm /EHsc /RTC1 /MDd /GS /fp:precise /Zc:wchar_t /Zc:forScope /Fo"Debug\\" /Fd"Debug\vc120.pdb" /Gd /TC /analyze- /errorReport:prompt ..\main.c co_unshared_stack.c
         co_unshared_stack.c
     1>f:\mytest\mytest\testcpp\协程学习\coroutine_study - detached asm file\coroutine_unshared_stack\co_unshared_stack.c(56): warning C4028: formal parameter 1 different from declaration
     1>f:\mytest\mytest\testcpp\协程学习\coroutine_study - detached asm file\coroutine_unshared_stack\co_unshared_stack.c(56): warning C4028: formal parameter 2 different from declaration
         main.c
         Generating Code...
       Link:
         C:\Program Files (x86)\Microsoft Visual Studio 12.0\VC\bin\link.exe /ERRORREPORT:PROMPT /OUT:"F:\MyTest\myTest\testCPP\协程学习\coroutine_study - detached asm file\Debug\coroutine_unshared_stack.exe" /INCREMENTAL /NOLOGO kernel32.lib user32.lib gdi32.lib winspool.lib comdlg32.lib advapi32.lib shell32.lib ole32.lib oleaut32.lib uuid.lib odbc32.lib odbccp32.lib /MANIFEST /MANIFESTUAC:"level='asInvoker' uiAccess='false'" /manifest:embed /DEBUG /PDB:"F:\MyTest\myTest\testCPP\协程学习\coroutine_study - detached asm file\Debug\coroutine_unshared_stack.pdb" /SUBSYSTEM:CONSOLE /TLBID:1 /DYNAMICBASE /NXCOMPAT /IMPLIB:"F:\MyTest\myTest\testCPP\协程学习\coroutine_study - detached asm file\Debug\coroutine_unshared_stack.lib" /MACHINE:X86 Debug\coctx32_asm.obj
         Debug\coctx.obj
         Debug\main.obj
         Debug\co_unshared_stack.obj
         coroutine_unshared_stack.vcxproj -> F:\MyTest\myTest\testCPP\协程学习\coroutine_study - detached asm file\Debug\coroutine_unshared_stack.exe
     1>Done Building Project "F:\MyTest\myTest\testCPP\协程学习\coroutine_study - detached asm file\coroutine_unshared_stack\coroutine_unshared_stack.vcxproj" (Rebuild target(s)).

Build succeeded.

Time Elapsed 00:00:00.76
