Build started 2017/1/23 14:45:51.
     1>Project "F:\MyTest\myTest\testCPP\协程学习\coroutine_study - detached asm file\coroutine_shared_stack_lower\coroutine_shared_stack_lower.vcxproj" on node 2 (Build target(s)).
     1>ClCompile:
         C:\Program Files (x86)\Microsoft Visual Studio 12.0\VC\bin\x86_amd64\CL.exe /c /I../ /Zi /nologo /W3 /WX- /sdl /O2 /Oi /GL /D WIN32 /D NDEBUG /D _CONSOLE /D _LIB /D _UNICODE /D UNICODE /Gm- /EHsc /MD /GS /Gy /fp:precise /Zc:wchar_t /Zc:forScope /Fo"x64\Release\\" /Fd"x64\Release\vc120.pdb" /Gd /TP /errorReport:prompt ..\coctx.cpp
         coctx.cpp
         C:\Program Files (x86)\Microsoft Visual Studio 12.0\VC\bin\x86_amd64\CL.exe /c /I../ /Zi /nologo /W3 /WX- /sdl /O2 /Oi /GL /D WIN32 /D NDEBUG /D _CONSOLE /D _LIB /D _UNICODE /D UNICODE /Gm- /EHsc /MD /GS /Gy /fp:precise /Zc:wchar_t /Zc:forScope /Fo"x64\Release\\" /Fd"x64\Release\vc120.pdb" /Gd /TC /errorReport:prompt ..\main.c co_shared_stack_lower.c
         main.c
         co_shared_stack_lower.c
     1>co_shared_stack_lower.c(76): warning C4028: formal parameter 1 different from declaration
     1>co_shared_stack_lower.c(76): warning C4028: formal parameter 2 different from declaration
       Link:
         C:\Program Files (x86)\Microsoft Visual Studio 12.0\VC\bin\x86_amd64\link.exe /ERRORREPORT:PROMPT /OUT:"F:\MyTest\myTest\testCPP\协程学习\coroutine_study - detached asm file\x64\Release\coroutine_shared_stack_lower.exe" /INCREMENTAL:NO /NOLOGO kernel32.lib user32.lib gdi32.lib winspool.lib comdlg32.lib advapi32.lib shell32.lib ole32.lib oleaut32.lib uuid.lib odbc32.lib odbccp32.lib /MANIFEST /MANIFESTUAC:"level='asInvoker' uiAccess='false'" /manifest:embed /DEBUG /PDB:"F:\MyTest\myTest\testCPP\协程学习\coroutine_study - detached asm file\x64\Release\coroutine_shared_stack_lower.pdb" /SUBSYSTEM:CONSOLE /OPT:REF /OPT:ICF /LTCG /TLBID:1 /DYNAMICBASE /NXCOMPAT /IMPLIB:"F:\MyTest\myTest\testCPP\协程学习\coroutine_study - detached asm file\x64\Release\coroutine_shared_stack_lower.lib" /MACHINE:X64 x64\Release\coctx64_asm.obj
         x64\Release\coctx.obj
         x64\Release\main.obj
         x64\Release\co_shared_stack_lower.obj
         Generating code
         Finished generating code
         coroutine_shared_stack_lower.vcxproj -> F:\MyTest\myTest\testCPP\协程学习\coroutine_study - detached asm file\x64\Release\coroutine_shared_stack_lower.exe
     1>Done Building Project "F:\MyTest\myTest\testCPP\协程学习\coroutine_study - detached asm file\coroutine_shared_stack_lower\coroutine_shared_stack_lower.vcxproj" (Build target(s)).

Build succeeded.

Time Elapsed 00:00:00.68
