Build started 2017/1/23 14:43:11.
     1>Project "F:\MyTest\myTest\testCPP\协程学习\coroutine_study - detached asm file\coroutine_unshared_stack\coroutine_unshared_stack.vcxproj" on node 2 (Build target(s)).
     1>CustomBuild:
         Performing Custom Build Tools
          Assembling: ../coctx32_asm.asm
         Microsoft (R) Macro Assembler Version 12.00.30501.0
         Copyright (C) Microsoft Corporation.  All rights reserved.
         
       ClCompile:
         C:\Program Files (x86)\Microsoft Visual Studio 12.0\VC\bin\CL.exe /c /I../ /Zi /nologo /W3 /WX- /sdl /O2 /Oi /Oy- /GL /D WIN32 /D NDEBUG /D _CONSOLE /D _LIB /D _UNICODE /D UNICODE /Gm- /EHsc /MD /GS /Gy /fp:precise /Zc:wchar_t /Zc:forScope /Fo"Release\\" /Fd"Release\vc120.pdb" /Gd /TP /analyze- /errorReport:prompt ..\coctx.cpp
         coctx.cpp
         C:\Program Files (x86)\Microsoft Visual Studio 12.0\VC\bin\CL.exe /c /I../ /Zi /nologo /W3 /WX- /sdl /O2 /Oi /Oy- /GL /D WIN32 /D NDEBUG /D _CONSOLE /D _LIB /D _UNICODE /D UNICODE /Gm- /EHsc /MD /GS /Gy /fp:precise /Zc:wchar_t /Zc:forScope /Fo"Release\\" /Fd"Release\vc120.pdb" /Gd /TC /analyze- /errorReport:prompt ..\main.c co_unshared_stack.c
         main.c
         co_unshared_stack.c
     1>co_unshared_stack.c(56): warning C4028: formal parameter 1 different from declaration
     1>co_unshared_stack.c(56): warning C4028: formal parameter 2 different from declaration
       Link:
         C:\Program Files (x86)\Microsoft Visual Studio 12.0\VC\bin\link.exe /ERRORREPORT:PROMPT /OUT:"F:\MyTest\myTest\testCPP\协程学习\coroutine_study - detached asm file\Release\coroutine_unshared_stack.exe" /INCREMENTAL:NO /NOLOGO kernel32.lib user32.lib gdi32.lib winspool.lib comdlg32.lib advapi32.lib shell32.lib ole32.lib oleaut32.lib uuid.lib odbc32.lib odbccp32.lib /MANIFEST /MANIFESTUAC:"level='asInvoker' uiAccess='false'" /manifest:embed /DEBUG /PDB:"F:\MyTest\myTest\testCPP\协程学习\coroutine_study - detached asm file\Release\coroutine_unshared_stack.pdb" /SUBSYSTEM:CONSOLE /OPT:REF /OPT:ICF /LTCG /TLBID:1 /DYNAMICBASE /NXCOMPAT /IMPLIB:"F:\MyTest\myTest\testCPP\协程学习\coroutine_study - detached asm file\Release\coroutine_unshared_stack.lib" /MACHINE:X86 /SAFESEH:NO Release\coctx32_asm.obj
         Release\coctx.obj
         Release\main.obj
         Release\co_unshared_stack.obj
         Generating code
         Finished generating code
         coroutine_unshared_stack.vcxproj -> F:\MyTest\myTest\testCPP\协程学习\coroutine_study - detached asm file\Release\coroutine_unshared_stack.exe
     1>Done Building Project "F:\MyTest\myTest\testCPP\协程学习\coroutine_study - detached asm file\coroutine_unshared_stack\coroutine_unshared_stack.vcxproj" (Build target(s)).

Build succeeded.

Time Elapsed 00:00:00.91
